<?xml version="1.0" encoding="UTF-8"?>
<!-- Generated by org.testng.reporters.JUnitReportReporter -->
<testsuite name="com.example.Checkbox" tests="1" time="6.815" ignored="0" failures="0" timestamp="07 Aug 2021 09:39:04 GMT" skipped="0" hostname="LP-5CD73107R8" errors="0">
  <testcase name="p" time="6.815" classname="com.example.Checkbox"/>
</testsuite> <!-- com.example.Checkbox -->
