<?xml version="1.0" encoding="UTF-8"?>
<!-- Generated by org.testng.reporters.JUnitReportReporter -->
<testsuite name="com.example.DragDrop" tests="1" time="9.560" ignored="0" failures="0" timestamp="11 Aug 2021 05:48:54 GMT" skipped="0" hostname="LP-5CD73107R8" errors="0">
  <testcase name="p" time="9.560" classname="com.example.DragDrop"/>
</testsuite> <!-- com.example.DragDrop -->
