<?xml version="1.0" encoding="UTF-8"?>
<!-- Generated by org.testng.reporters.JUnitReportReporter -->
<testsuite name="com.example.Datepicker" tests="1" time="0.016" ignored="0" failures="0" timestamp="17 Aug 2021 10:44:15 GMT" skipped="0" hostname="LP-5CD73107R8" errors="0">
  <testcase name="f" time="0.016" classname="com.example.Datepicker"/>
</testsuite> <!-- com.example.Datepicker -->
