<?xml version="1.0" encoding="UTF-8"?>
<!-- Generated by org.testng.reporters.JUnitReportReporter -->
<testsuite name="com.example.Screenshot" tests="1" time="27.782" ignored="0" failures="0" timestamp="12 Aug 2021 14:13:28 GMT" skipped="0" hostname="LP-5CD73107R8" errors="0">
  <testcase name="p" time="27.782" classname="com.example.Screenshot"/>
</testsuite> <!-- com.example.Screenshot -->
