<?xml version="1.0" encoding="UTF-8"?>
<!-- Generated by org.testng.reporters.JUnitReportReporter -->
<testsuite name="com.example.Threadcount" tests="3" time="0.014" ignored="0" failures="0" timestamp="03 Aug 2021 16:58:55 GMT" skipped="0" hostname="LP-5CD73107R8" errors="0">
  <testcase name="p" time="0.007" classname="com.example.Threadcount"/>
  <testcase name="r" time="0.003" classname="com.example.Threadcount"/>
  <testcase name="q" time="0.004" classname="com.example.Threadcount"/>
</testsuite> <!-- com.example.Threadcount -->
