<?xml version="1.0" encoding="UTF-8"?>
<!-- Generated by org.testng.reporters.JUnitReportReporter -->
<testsuite name="com.example.WindowHandle" tests="1" time="12.058" ignored="0" failures="0" timestamp="09 Aug 2021 05:12:37 GMT" skipped="0" hostname="LP-5CD73107R8" errors="0">
  <testcase name="p" time="12.058" classname="com.example.WindowHandle"/>
</testsuite> <!-- com.example.WindowHandle -->
