<?xml version="1.0" encoding="UTF-8"?>
<!-- Generated by org.testng.reporters.JUnitReportReporter -->
<testsuite name="com.example.Tooltip" tests="1" time="11.769" ignored="0" failures="0" timestamp="19 Aug 2021 06:11:26 GMT" skipped="0" hostname="LP-5CD73107R8" errors="0">
  <testcase name="f" time="11.769" classname="com.example.Tooltip"/>
</testsuite> <!-- com.example.Tooltip -->
