<?xml version="1.0" encoding="UTF-8"?>
<!-- Generated by org.testng.reporters.JUnitReportReporter -->
<testsuite name="com.example.RadioButton" tests="1" time="20.430" ignored="0" failures="0" timestamp="07 Aug 2021 09:17:12 GMT" skipped="0" hostname="LP-5CD73107R8" errors="0">
  <testcase name="p" time="20.430" classname="com.example.RadioButton"/>
</testsuite> <!-- com.example.RadioButton -->
