<?xml version="1.0" encoding="UTF-8"?>
<!-- Generated by org.testng.reporters.JUnitReportReporter -->
<testsuite name="com.example.ButtonTest" tests="1" time="7.634" ignored="0" failures="0" timestamp="05 Aug 2021 15:21:32 GMT" skipped="0" hostname="LP-5CD73107R8" errors="0">
  <testcase name="p" time="7.634" classname="com.example.ButtonTest"/>
</testsuite> <!-- com.example.ButtonTest -->
