<?xml version="1.0" encoding="UTF-8"?>
<!-- Generated by org.testng.reporters.JUnitReportReporter -->
<testsuite name="com.example.Robotclass" tests="1" time="10.161" ignored="0" failures="0" timestamp="19 Aug 2021 11:14:01 GMT" skipped="0" hostname="LP-5CD73107R8" errors="0">
  <testcase name="p" time="10.161" classname="com.example.Robotclass"/>
</testsuite> <!-- com.example.Robotclass -->
