<?xml version="1.0" encoding="UTF-8"?>
<!-- Generated by org.testng.reporters.JUnitReportReporter -->
<testsuite name="com.example.Test1Test" tests="2" time="0.012" ignored="0" failures="0" timestamp="03 Aug 2021 15:58:08 GMT" skipped="0" hostname="LP-5CD73107R8" errors="0">
  <testcase name="sample2" time="0.004" classname="com.example.Test1Test"/>
  <testcase name="sample1" time="0.008" classname="com.example.Test1Test"/>
</testsuite> <!-- com.example.Test1Test -->
