<?xml version="1.0" encoding="UTF-8"?>
<!-- Generated by org.testng.reporters.JUnitReportReporter -->
<testsuite name="Locators.Functionality" tests="1" time="23.342" ignored="0" failures="0" timestamp="13 Aug 2021 07:33:01 GMT" skipped="0" hostname="LP-5CD73107R8" errors="0">
  <testcase name="p" time="23.342" classname="Locators.Functionality"/>
</testsuite> <!-- Locators.Functionality -->
