<?xml version="1.0" encoding="UTF-8"?>
<!-- Generated by org.testng.reporters.JUnitReportReporter -->
<testsuite name="com.example.PriorityTest" tests="4" time="0.022" ignored="0" failures="0" timestamp="04 Aug 2021 05:23:27 GMT" skipped="0" hostname="LP-5CD73107R8" errors="0">
  <testcase name="p" time="0.012" classname="com.example.PriorityTest"/>
  <testcase name="s" time="0.003" classname="com.example.PriorityTest"/>
  <testcase name="r" time="0.003" classname="com.example.PriorityTest"/>
  <testcase name="q" time="0.004" classname="com.example.PriorityTest"/>
</testsuite> <!-- com.example.PriorityTest -->
