<?xml version="1.0" encoding="UTF-8"?>
<!-- Generated by org.testng.reporters.JUnitReportReporter -->
<testsuite name="com.example.Dropdown" tests="1" time="7.260" ignored="0" failures="0" timestamp="07 Aug 2021 10:55:26 GMT" skipped="0" hostname="LP-5CD73107R8" errors="0">
  <testcase name="p" time="7.260" classname="com.example.Dropdown"/>
</testsuite> <!-- com.example.Dropdown -->
