<?xml version="1.0" encoding="UTF-8"?>
<!-- Generated by org.testng.reporters.JUnitReportReporter -->
<testsuite name="com.example.ToolTipTask" tests="1" time="9.564" ignored="0" failures="0" timestamp="18 Aug 2021 14:38:44 GMT" skipped="0" hostname="LP-5CD73107R8" errors="0">
  <testcase name="f" time="9.564" classname="com.example.ToolTipTask"/>
</testsuite> <!-- com.example.ToolTipTask -->
