<?xml version="1.0" encoding="UTF-8"?>
<!-- Generated by org.testng.reporters.JUnitReportReporter -->
<testsuite name="com.example.dependMethods" tests="4" time="0.019" ignored="0" failures="0" timestamp="04 Aug 2021 05:28:15 GMT" skipped="0" hostname="LP-5CD73107R8" errors="0">
  <testcase name="p" time="0.001" classname="com.example.dependMethods"/>
  <testcase name="q" time="0.013" classname="com.example.dependMethods"/>
  <testcase name="s" time="0.002" classname="com.example.dependMethods"/>
  <testcase name="r" time="0.003" classname="com.example.dependMethods"/>
</testsuite> <!-- com.example.dependMethods -->
