<?xml version="1.0" encoding="UTF-8"?>
<!-- Generated by org.testng.reporters.JUnitReportReporter -->
<testsuite name="com.example.ApacheWrite" tests="1" time="13.528" ignored="0" failures="0" timestamp="19 Aug 2021 10:24:59 GMT" skipped="0" hostname="LP-5CD73107R8" errors="0">
  <testcase name="f" time="13.528" classname="com.example.ApacheWrite"/>
</testsuite> <!-- com.example.ApacheWrite -->
