<?xml version="1.0" encoding="UTF-8"?>
<!-- Generated by org.testng.reporters.JUnitReportReporter -->
<testsuite name="com.example.CaseStudy" tests="1" time="23.746" ignored="0" failures="0" timestamp="11 Aug 2021 10:24:20 GMT" skipped="0" hostname="LP-5CD73107R8" errors="0">
  <testcase name="p" time="23.746" classname="com.example.CaseStudy"/>
</testsuite> <!-- com.example.CaseStudy -->
