<?xml version="1.0" encoding="UTF-8"?>
<!-- Generated by org.testng.reporters.JUnitReportReporter -->
<testsuite name="com.example.WaitTypes" tests="1" time="17.042" ignored="0" failures="0" timestamp="10 Aug 2021 12:50:44 GMT" skipped="0" hostname="LP-5CD73107R8" errors="0">
  <testcase name="p" time="17.042" classname="com.example.WaitTypes"/>
</testsuite> <!-- com.example.WaitTypes -->
