<?xml version="1.0" encoding="UTF-8"?>
<!-- Generated by org.testng.reporters.JUnitReportReporter -->
<testsuite name="com.example.GroupMethods" tests="1" time="0.013" ignored="3" failures="0" timestamp="04 Aug 2021 05:11:30 GMT" skipped="0" hostname="LP-5CD73107R8" errors="0">
  <testcase name="s" time="0.013" classname="com.example.GroupMethods"/>
  <testcase name="r" classname="com.example.GroupMethods">
    <skipped/>
  </testcase> <!-- r -->
  <testcase name="q" classname="com.example.GroupMethods">
    <skipped/>
  </testcase> <!-- q -->
  <testcase name="p" classname="com.example.GroupMethods">
    <skipped/>
  </testcase> <!-- p -->
</testsuite> <!-- com.example.GroupMethods -->
