<?xml version="1.0" encoding="UTF-8"?>
<!-- Generated by org.testng.reporters.JUnitReportReporter -->
<testsuite name="com.example.NestedFrames" tests="1" time="9.609" ignored="0" failures="0" timestamp="10 Aug 2021 10:41:32 GMT" skipped="0" hostname="LP-5CD73107R8" errors="0">
  <testcase name="p" time="9.609" classname="com.example.NestedFrames"/>
</testsuite> <!-- com.example.NestedFrames -->
