<?xml version="1.0" encoding="UTF-8"?>
<!-- Generated by org.testng.reporters.JUnitReportReporter -->
<testsuite name="ExtentReports.Reports.ExtentReportDemo" tests="1" time="21.222" ignored="0" failures="0" timestamp="24 Aug 2021 16:49:26 GMT" skipped="0" hostname="LP-5CD73107R8" errors="0">
  <testcase name="Register" time="21.222" classname="ExtentReports.Reports.ExtentReportDemo"/>
</testsuite> <!-- ExtentReports.Reports.ExtentReportDemo -->
