<?xml version="1.0" encoding="UTF-8"?>
<!-- Generated by org.testng.reporters.JUnitReportReporter -->
<testsuite name="Krtc_listerners.ksrtc_Testcase" tests="1" time="28.647" ignored="0" failures="0" timestamp="25 Aug 2021 08:54:18 GMT" skipped="0" hostname="LP-5CD73107R8" errors="0">
  <testcase name="feed" time="28.647" classname="Krtc_listerners.ksrtc_Testcase"/>
</testsuite> <!-- Krtc_listerners.ksrtc_Testcase -->
